0 info it worked if it ends with ok
1 verbose cli [ '/usr/bin/nodejs', '/usr/bin/npm', 'install' ]
2 info using npm@2.15.9
3 info using node@v4.6.0
4 verbose readDependencies loading dependencies from /home/alumno/documentos/express/Quiz-2016/quiz-2016/package.json
5 verbose install where, deps [ '/home/alumno/documentos/express/Quiz-2016/quiz-2016',
5 verbose install   [ 'body-parser',
5 verbose install     'cookie-parser',
5 verbose install     'debug',
5 verbose install     'ejs',
5 verbose install     'express',
5 verbose install     'morgan',
5 verbose install     'serve-favicon' ] ]
6 verbose install where, peers [ '/home/alumno/documentos/express/Quiz-2016/quiz-2016', [] ]
7 verbose installManyTop reading for lifecycle /home/alumno/documentos/express/Quiz-2016/quiz-2016/package.json
8 info preinstall quiz-2016@0.0.0
9 verbose readDependencies loading dependencies from /home/alumno/documentos/express/Quiz-2016/quiz-2016/package.json
10 silly cache add args [ 'debug@~2.2.0', null ]
11 verbose cache add spec debug@~2.2.0
12 silly cache add parsed spec Result {
12 silly cache add   raw: 'debug@~2.2.0',
12 silly cache add   scope: null,
12 silly cache add   name: 'debug',
12 silly cache add   rawSpec: '~2.2.0',
12 silly cache add   spec: '>=2.2.0 <2.3.0',
12 silly cache add   type: 'range' }
13 silly addNamed debug@>=2.2.0 <2.3.0
14 verbose addNamed ">=2.2.0 <2.3.0" is a valid semver range for debug
15 silly addNameRange { name: 'debug', range: '>=2.2.0 <2.3.0', hasData: false }
16 silly mapToRegistry name debug
17 silly mapToRegistry using default registry
18 silly mapToRegistry registry https://registry.npmjs.org/
19 silly mapToRegistry data Result {
19 silly mapToRegistry   raw: 'debug',
19 silly mapToRegistry   scope: null,
19 silly mapToRegistry   name: 'debug',
19 silly mapToRegistry   rawSpec: '',
19 silly mapToRegistry   spec: 'latest',
19 silly mapToRegistry   type: 'tag' }
20 silly mapToRegistry uri https://registry.npmjs.org/debug
21 verbose addNameRange registry:https://registry.npmjs.org/debug not in flight; fetching
22 silly cache add args [ 'ejs@~2.4.1', null ]
23 verbose cache add spec ejs@~2.4.1
24 silly cache add parsed spec Result {
24 silly cache add   raw: 'ejs@~2.4.1',
24 silly cache add   scope: null,
24 silly cache add   name: 'ejs',
24 silly cache add   rawSpec: '~2.4.1',
24 silly cache add   spec: '>=2.4.1 <2.5.0',
24 silly cache add   type: 'range' }
25 silly addNamed ejs@>=2.4.1 <2.5.0
26 verbose addNamed ">=2.4.1 <2.5.0" is a valid semver range for ejs
27 silly addNameRange { name: 'ejs', range: '>=2.4.1 <2.5.0', hasData: false }
28 silly mapToRegistry name ejs
29 silly mapToRegistry using default registry
30 silly mapToRegistry registry https://registry.npmjs.org/
31 silly mapToRegistry data Result {
31 silly mapToRegistry   raw: 'ejs',
31 silly mapToRegistry   scope: null,
31 silly mapToRegistry   name: 'ejs',
31 silly mapToRegistry   rawSpec: '',
31 silly mapToRegistry   spec: 'latest',
31 silly mapToRegistry   type: 'tag' }
32 silly mapToRegistry uri https://registry.npmjs.org/ejs
33 verbose addNameRange registry:https://registry.npmjs.org/ejs not in flight; fetching
34 silly cache add args [ 'express@~4.13.4', null ]
35 verbose cache add spec express@~4.13.4
36 silly cache add parsed spec Result {
36 silly cache add   raw: 'express@~4.13.4',
36 silly cache add   scope: null,
36 silly cache add   name: 'express',
36 silly cache add   rawSpec: '~4.13.4',
36 silly cache add   spec: '>=4.13.4 <4.14.0',
36 silly cache add   type: 'range' }
37 silly addNamed express@>=4.13.4 <4.14.0
38 verbose addNamed ">=4.13.4 <4.14.0" is a valid semver range for express
39 silly addNameRange { name: 'express', range: '>=4.13.4 <4.14.0', hasData: false }
40 silly mapToRegistry name express
41 silly mapToRegistry using default registry
42 silly mapToRegistry registry https://registry.npmjs.org/
43 silly mapToRegistry data Result {
43 silly mapToRegistry   raw: 'express',
43 silly mapToRegistry   scope: null,
43 silly mapToRegistry   name: 'express',
43 silly mapToRegistry   rawSpec: '',
43 silly mapToRegistry   spec: 'latest',
43 silly mapToRegistry   type: 'tag' }
44 silly mapToRegistry uri https://registry.npmjs.org/express
45 verbose addNameRange registry:https://registry.npmjs.org/express not in flight; fetching
46 silly cache add args [ 'morgan@~1.7.0', null ]
47 verbose cache add spec morgan@~1.7.0
48 silly cache add parsed spec Result {
48 silly cache add   raw: 'morgan@~1.7.0',
48 silly cache add   scope: null,
48 silly cache add   name: 'morgan',
48 silly cache add   rawSpec: '~1.7.0',
48 silly cache add   spec: '>=1.7.0 <1.8.0',
48 silly cache add   type: 'range' }
49 silly addNamed morgan@>=1.7.0 <1.8.0
50 verbose addNamed ">=1.7.0 <1.8.0" is a valid semver range for morgan
51 silly addNameRange { name: 'morgan', range: '>=1.7.0 <1.8.0', hasData: false }
52 silly mapToRegistry name morgan
53 silly mapToRegistry using default registry
54 silly mapToRegistry registry https://registry.npmjs.org/
55 silly mapToRegistry data Result {
55 silly mapToRegistry   raw: 'morgan',
55 silly mapToRegistry   scope: null,
55 silly mapToRegistry   name: 'morgan',
55 silly mapToRegistry   rawSpec: '',
55 silly mapToRegistry   spec: 'latest',
55 silly mapToRegistry   type: 'tag' }
56 silly mapToRegistry uri https://registry.npmjs.org/morgan
57 verbose addNameRange registry:https://registry.npmjs.org/morgan not in flight; fetching
58 silly cache add args [ 'serve-favicon@~2.3.0', null ]
59 verbose cache add spec serve-favicon@~2.3.0
60 silly cache add parsed spec Result {
60 silly cache add   raw: 'serve-favicon@~2.3.0',
60 silly cache add   scope: null,
60 silly cache add   name: 'serve-favicon',
60 silly cache add   rawSpec: '~2.3.0',
60 silly cache add   spec: '>=2.3.0 <2.4.0',
60 silly cache add   type: 'range' }
61 silly addNamed serve-favicon@>=2.3.0 <2.4.0
62 verbose addNamed ">=2.3.0 <2.4.0" is a valid semver range for serve-favicon
63 silly addNameRange { name: 'serve-favicon',
63 silly addNameRange   range: '>=2.3.0 <2.4.0',
63 silly addNameRange   hasData: false }
64 silly mapToRegistry name serve-favicon
65 silly mapToRegistry using default registry
66 silly mapToRegistry registry https://registry.npmjs.org/
67 silly mapToRegistry data Result {
67 silly mapToRegistry   raw: 'serve-favicon',
67 silly mapToRegistry   scope: null,
67 silly mapToRegistry   name: 'serve-favicon',
67 silly mapToRegistry   rawSpec: '',
67 silly mapToRegistry   spec: 'latest',
67 silly mapToRegistry   type: 'tag' }
68 silly mapToRegistry uri https://registry.npmjs.org/serve-favicon
69 verbose addNameRange registry:https://registry.npmjs.org/serve-favicon not in flight; fetching
70 silly cache add args [ 'body-parser@~1.15.1', null ]
71 verbose cache add spec body-parser@~1.15.1
72 silly cache add parsed spec Result {
72 silly cache add   raw: 'body-parser@~1.15.1',
72 silly cache add   scope: null,
72 silly cache add   name: 'body-parser',
72 silly cache add   rawSpec: '~1.15.1',
72 silly cache add   spec: '>=1.15.1 <1.16.0',
72 silly cache add   type: 'range' }
73 silly addNamed body-parser@>=1.15.1 <1.16.0
74 verbose addNamed ">=1.15.1 <1.16.0" is a valid semver range for body-parser
75 silly addNameRange { name: 'body-parser',
75 silly addNameRange   range: '>=1.15.1 <1.16.0',
75 silly addNameRange   hasData: false }
76 silly mapToRegistry name body-parser
77 silly mapToRegistry using default registry
78 silly mapToRegistry registry https://registry.npmjs.org/
79 silly mapToRegistry data Result {
79 silly mapToRegistry   raw: 'body-parser',
79 silly mapToRegistry   scope: null,
79 silly mapToRegistry   name: 'body-parser',
79 silly mapToRegistry   rawSpec: '',
79 silly mapToRegistry   spec: 'latest',
79 silly mapToRegistry   type: 'tag' }
80 silly mapToRegistry uri https://registry.npmjs.org/body-parser
81 verbose addNameRange registry:https://registry.npmjs.org/body-parser not in flight; fetching
82 silly cache add args [ 'cookie-parser@~1.4.3', null ]
83 verbose cache add spec cookie-parser@~1.4.3
84 silly cache add parsed spec Result {
84 silly cache add   raw: 'cookie-parser@~1.4.3',
84 silly cache add   scope: null,
84 silly cache add   name: 'cookie-parser',
84 silly cache add   rawSpec: '~1.4.3',
84 silly cache add   spec: '>=1.4.3 <1.5.0',
84 silly cache add   type: 'range' }
85 silly addNamed cookie-parser@>=1.4.3 <1.5.0
86 verbose addNamed ">=1.4.3 <1.5.0" is a valid semver range for cookie-parser
87 silly addNameRange { name: 'cookie-parser',
87 silly addNameRange   range: '>=1.4.3 <1.5.0',
87 silly addNameRange   hasData: false }
88 silly mapToRegistry name cookie-parser
89 silly mapToRegistry using default registry
90 silly mapToRegistry registry https://registry.npmjs.org/
91 silly mapToRegistry data Result {
91 silly mapToRegistry   raw: 'cookie-parser',
91 silly mapToRegistry   scope: null,
91 silly mapToRegistry   name: 'cookie-parser',
91 silly mapToRegistry   rawSpec: '',
91 silly mapToRegistry   spec: 'latest',
91 silly mapToRegistry   type: 'tag' }
92 silly mapToRegistry uri https://registry.npmjs.org/cookie-parser
93 verbose addNameRange registry:https://registry.npmjs.org/cookie-parser not in flight; fetching
94 verbose request uri https://registry.npmjs.org/ejs
95 verbose request no auth needed
96 info attempt registry request try #1 at 21:58:01
97 verbose request id a629c22b7fb2d897
98 http request GET https://registry.npmjs.org/ejs
99 verbose request uri https://registry.npmjs.org/morgan
100 verbose request no auth needed
101 info attempt registry request try #1 at 21:58:01
102 http request GET https://registry.npmjs.org/morgan
103 verbose request uri https://registry.npmjs.org/serve-favicon
104 verbose request no auth needed
105 info attempt registry request try #1 at 21:58:01
106 http request GET https://registry.npmjs.org/serve-favicon
107 verbose request uri https://registry.npmjs.org/cookie-parser
108 verbose request no auth needed
109 info attempt registry request try #1 at 21:58:01
110 http request GET https://registry.npmjs.org/cookie-parser
111 info retry will retry, error on last attempt: Error: getaddrinfo EAI_AGAIN registry.npmjs.org:443
112 info retry will retry, error on last attempt: Error: getaddrinfo EAI_AGAIN registry.npmjs.org:443
113 verbose request uri https://registry.npmjs.org/debug
114 verbose request no auth needed
115 info attempt registry request try #1 at 21:58:21
116 verbose etag "4KNV44AL9A699LLWBV509HXVN"
117 http request GET https://registry.npmjs.org/debug
118 verbose request uri https://registry.npmjs.org/express
119 verbose request no auth needed
120 info attempt registry request try #1 at 21:58:21
121 verbose etag "ZIFSDHOPDNR5ESM6B17VFHLW"
122 http request GET https://registry.npmjs.org/express
123 verbose request uri https://registry.npmjs.org/body-parser
124 verbose request no auth needed
125 info attempt registry request try #1 at 21:58:21
126 verbose etag "5R53BAL5PPT6OFEKN6ILZ7DBC"
127 http request GET https://registry.npmjs.org/body-parser
128 info retry will retry, error on last attempt: Error: getaddrinfo EAI_AGAIN registry.npmjs.org:443
129 info retry will retry, error on last attempt: Error: getaddrinfo EAI_AGAIN registry.npmjs.org:443
130 info attempt registry request try #2 at 21:58:31
131 http request GET https://registry.npmjs.org/morgan
132 info attempt registry request try #2 at 21:58:31
133 http request GET https://registry.npmjs.org/serve-favicon
134 info attempt registry request try #2 at 21:58:36
135 http request GET https://registry.npmjs.org/ejs
136 info attempt registry request try #2 at 21:58:36
137 http request GET https://registry.npmjs.org/cookie-parser
138 info retry will retry, error on last attempt: Error: getaddrinfo EAI_AGAIN registry.npmjs.org:443
139 info retry will retry, error on last attempt: Error: getaddrinfo EAI_AGAIN registry.npmjs.org:443
140 info retry will retry, error on last attempt: Error: getaddrinfo EAI_AGAIN registry.npmjs.org:443
141 info attempt registry request try #2 at 21:58:51
142 verbose etag "ZIFSDHOPDNR5ESM6B17VFHLW"
143 http request GET https://registry.npmjs.org/express
144 info retry will retry, error on last attempt: Error: getaddrinfo EAI_AGAIN registry.npmjs.org:443
145 info attempt registry request try #2 at 21:58:56
146 verbose etag "5R53BAL5PPT6OFEKN6ILZ7DBC"
147 http request GET https://registry.npmjs.org/body-parser
148 info attempt registry request try #2 at 21:59:01
149 verbose etag "4KNV44AL9A699LLWBV509HXVN"
150 http request GET https://registry.npmjs.org/debug
151 info retry will retry, error on last attempt: Error: getaddrinfo EAI_AGAIN registry.npmjs.org:443
152 info retry will retry, error on last attempt: Error: getaddrinfo EAI_AGAIN registry.npmjs.org:443
153 info retry will retry, error on last attempt: Error: getaddrinfo EAI_AGAIN registry.npmjs.org:443
154 info retry will retry, error on last attempt: Error: getaddrinfo EAI_AGAIN registry.npmjs.org:443
155 info retry will retry, error on last attempt: Error: getaddrinfo EAI_AGAIN registry.npmjs.org:443
156 info retry will retry, error on last attempt: Error: getaddrinfo EAI_AGAIN registry.npmjs.org:443
157 info attempt registry request try #3 at 21:59:51
158 http request GET https://registry.npmjs.org/morgan
159 info attempt registry request try #3 at 22:00:01
160 http request GET https://registry.npmjs.org/serve-favicon
161 info attempt registry request try #3 at 22:00:06
162 http request GET https://registry.npmjs.org/ejs
163 info attempt registry request try #3 at 22:00:11
164 http request GET https://registry.npmjs.org/cookie-parser
165 info attempt registry request try #3 at 22:00:11
166 verbose etag "ZIFSDHOPDNR5ESM6B17VFHLW"
167 http request GET https://registry.npmjs.org/express
168 info attempt registry request try #3 at 22:00:21
169 verbose etag "5R53BAL5PPT6OFEKN6ILZ7DBC"
170 http request GET https://registry.npmjs.org/body-parser
171 http 200 https://registry.npmjs.org/cookie-parser
172 verbose headers { server: 'CouchDB/1.5.0 (Erlang OTP/R16B03)',
172 verbose headers   etag: '"2UMCFAJW64SQ9UB1X48OEM4AP"',
172 verbose headers   'content-type': 'application/json',
172 verbose headers   'content-encoding': 'gzip',
172 verbose headers   'cache-control': 'max-age=300',
172 verbose headers   'content-length': '5180',
172 verbose headers   'accept-ranges': 'bytes',
172 verbose headers   date: 'Mon, 24 Oct 2016 08:16:08 GMT',
172 verbose headers   via: '1.1 varnish',
172 verbose headers   age: '94',
172 verbose headers   connection: 'keep-alive',
172 verbose headers   'x-served-by': 'cache-lcy1143-LCY',
172 verbose headers   'x-cache': 'HIT',
172 verbose headers   'x-cache-hits': '1',
172 verbose headers   'x-timer': 'S1477296968.458767,VS0,VE0',
172 verbose headers   vary: 'Accept-Encoding' }
173 silly get cb [ 200,
173 silly get   { server: 'CouchDB/1.5.0 (Erlang OTP/R16B03)',
173 silly get     etag: '"2UMCFAJW64SQ9UB1X48OEM4AP"',
173 silly get     'content-type': 'application/json',
173 silly get     'content-encoding': 'gzip',
173 silly get     'cache-control': 'max-age=300',
173 silly get     'content-length': '5180',
173 silly get     'accept-ranges': 'bytes',
173 silly get     date: 'Mon, 24 Oct 2016 08:16:08 GMT',
173 silly get     via: '1.1 varnish',
173 silly get     age: '94',
173 silly get     connection: 'keep-alive',
173 silly get     'x-served-by': 'cache-lcy1143-LCY',
173 silly get     'x-cache': 'HIT',
173 silly get     'x-cache-hits': '1',
173 silly get     'x-timer': 'S1477296968.458767,VS0,VE0',
173 silly get     vary: 'Accept-Encoding' } ]
174 verbose get saving cookie-parser to /home/alumno/.npm/registry.npmjs.org/cookie-parser/.cache.json
175 verbose correctMkdir /home/alumno/.npm correctMkdir not in flight; initializing
176 silly addNameRange number 2 { name: 'cookie-parser', range: '>=1.4.3 <1.5.0', hasData: true }
177 silly addNameRange versions [ 'cookie-parser',
177 silly addNameRange   [ '1.0.0',
177 silly addNameRange     '1.0.1',
177 silly addNameRange     '1.1.0',
177 silly addNameRange     '1.2.0',
177 silly addNameRange     '1.3.0',
177 silly addNameRange     '1.3.1',
177 silly addNameRange     '1.3.2',
177 silly addNameRange     '1.3.3',
177 silly addNameRange     '1.3.4',
177 silly addNameRange     '1.3.5',
177 silly addNameRange     '1.4.0',
177 silly addNameRange     '1.4.1',
177 silly addNameRange     '1.4.2',
177 silly addNameRange     '1.4.3' ] ]
178 silly addNamed cookie-parser@1.4.3
179 verbose addNamed "1.4.3" is a plain semver version for cookie-parser
180 silly mapToRegistry name cookie-parser
181 silly mapToRegistry using default registry
182 silly mapToRegistry registry https://registry.npmjs.org/
183 silly mapToRegistry data Result {
183 silly mapToRegistry   raw: 'cookie-parser',
183 silly mapToRegistry   scope: null,
183 silly mapToRegistry   name: 'cookie-parser',
183 silly mapToRegistry   rawSpec: '',
183 silly mapToRegistry   spec: 'latest',
183 silly mapToRegistry   type: 'tag' }
184 silly mapToRegistry uri https://registry.npmjs.org/cookie-parser
185 verbose addRemoteTarball https://registry.npmjs.org/cookie-parser/-/cookie-parser-1.4.3.tgz not in flight; adding
186 verbose addRemoteTarball [ 'https://registry.npmjs.org/cookie-parser/-/cookie-parser-1.4.3.tgz',
186 verbose addRemoteTarball   '0fe31fa19d000b95f4aadf1f53fdc2b8a203baa5' ]
187 info retry fetch attempt 1 at 22:00:22
188 info attempt registry request try #1 at 22:00:22
189 http fetch GET https://registry.npmjs.org/cookie-parser/-/cookie-parser-1.4.3.tgz
190 http fetch 200 https://registry.npmjs.org/cookie-parser/-/cookie-parser-1.4.3.tgz
191 silly fetchAndShaCheck shasum 0fe31fa19d000b95f4aadf1f53fdc2b8a203baa5
192 verbose addTmpTarball /tmp/npm-30080-825fd7f8/registry.npmjs.org/cookie-parser/-/cookie-parser-1.4.3.tgz not in flight; adding
193 verbose addTmpTarball already have metadata; skipping unpack for cookie-parser@1.4.3
194 verbose correctMkdir /home/alumno/.npm correctMkdir not in flight; initializing
195 silly cache afterAdd cookie-parser@1.4.3
196 verbose afterAdd /home/alumno/.npm/cookie-parser/1.4.3/package/package.json not in flight; writing
197 verbose correctMkdir /home/alumno/.npm correctMkdir not in flight; initializing
198 verbose afterAdd /home/alumno/.npm/cookie-parser/1.4.3/package/package.json written
199 info attempt registry request try #3 at 22:00:26
200 verbose etag "4KNV44AL9A699LLWBV509HXVN"
201 http request GET https://registry.npmjs.org/debug
202 http 200 https://registry.npmjs.org/debug
203 verbose headers { server: 'CouchDB/1.5.0 (Erlang OTP/R16B03)',
203 verbose headers   etag: '"4AZ5ZH9PPL6UC3XV818ZEPWFI"',
203 verbose headers   'content-type': 'application/json',
203 verbose headers   'content-encoding': 'gzip',
203 verbose headers   'cache-control': 'max-age=300',
203 verbose headers   'content-length': '9565',
203 verbose headers   'accept-ranges': 'bytes',
203 verbose headers   date: 'Mon, 24 Oct 2016 08:16:13 GMT',
203 verbose headers   via: '1.1 varnish',
203 verbose headers   age: '27',
203 verbose headers   connection: 'keep-alive',
203 verbose headers   'x-served-by': 'cache-lcy1143-LCY',
203 verbose headers   'x-cache': 'HIT',
203 verbose headers   'x-cache-hits': '3',
203 verbose headers   'x-timer': 'S1477296973.199851,VS0,VE0',
203 verbose headers   vary: 'Accept-Encoding' }
204 silly get cb [ 200,
204 silly get   { server: 'CouchDB/1.5.0 (Erlang OTP/R16B03)',
204 silly get     etag: '"4AZ5ZH9PPL6UC3XV818ZEPWFI"',
204 silly get     'content-type': 'application/json',
204 silly get     'content-encoding': 'gzip',
204 silly get     'cache-control': 'max-age=300',
204 silly get     'content-length': '9565',
204 silly get     'accept-ranges': 'bytes',
204 silly get     date: 'Mon, 24 Oct 2016 08:16:13 GMT',
204 silly get     via: '1.1 varnish',
204 silly get     age: '27',
204 silly get     connection: 'keep-alive',
204 silly get     'x-served-by': 'cache-lcy1143-LCY',
204 silly get     'x-cache': 'HIT',
204 silly get     'x-cache-hits': '3',
204 silly get     'x-timer': 'S1477296973.199851,VS0,VE0',
204 silly get     vary: 'Accept-Encoding' } ]
205 verbose get saving debug to /home/alumno/.npm/registry.npmjs.org/debug/.cache.json
206 verbose correctMkdir /home/alumno/.npm correctMkdir not in flight; initializing
207 silly addNameRange number 2 { name: 'debug', range: '>=2.2.0 <2.3.0', hasData: true }
208 silly addNameRange versions [ 'debug',
208 silly addNameRange   [ '0.0.1',
208 silly addNameRange     '0.1.0',
208 silly addNameRange     '0.2.0',
208 silly addNameRange     '0.3.0',
208 silly addNameRange     '0.4.0',
208 silly addNameRange     '0.4.1',
208 silly addNameRange     '0.5.0',
208 silly addNameRange     '0.6.0',
208 silly addNameRange     '0.7.0',
208 silly addNameRange     '0.7.1',
208 silly addNameRange     '0.7.2',
208 silly addNameRange     '0.7.3',
208 silly addNameRange     '0.7.4',
208 silly addNameRange     '0.8.0',
208 silly addNameRange     '0.8.1',
208 silly addNameRange     '1.0.0',
208 silly addNameRange     '1.0.1',
208 silly addNameRange     '1.0.2',
208 silly addNameRange     '1.0.3',
208 silly addNameRange     '1.0.4',
208 silly addNameRange     '2.0.0',
208 silly addNameRange     '2.1.0',
208 silly addNameRange     '2.1.1',
208 silly addNameRange     '2.1.2',
208 silly addNameRange     '2.1.3',
208 silly addNameRange     '2.2.0' ] ]
209 silly addNamed debug@2.2.0
210 verbose addNamed "2.2.0" is a plain semver version for debug
211 silly cache afterAdd debug@2.2.0
212 verbose afterAdd /home/alumno/.npm/debug/2.2.0/package/package.json not in flight; writing
213 verbose correctMkdir /home/alumno/.npm correctMkdir not in flight; initializing
214 verbose afterAdd /home/alumno/.npm/debug/2.2.0/package/package.json written
215 http 200 https://registry.npmjs.org/express
216 verbose headers { server: 'CouchDB/1.5.0 (Erlang OTP/R16B03)',
216 verbose headers   etag: '"5IMI6E785KUTAKT28YA8MSWVI"',
216 verbose headers   'content-type': 'application/json',
216 verbose headers   'content-encoding': 'gzip',
216 verbose headers   'cache-control': 'max-age=300',
216 verbose headers   'content-length': '56663',
216 verbose headers   'accept-ranges': 'bytes',
216 verbose headers   date: 'Mon, 24 Oct 2016 08:16:26 GMT',
216 verbose headers   via: '1.1 varnish',
216 verbose headers   age: '77',
216 verbose headers   connection: 'keep-alive',
216 verbose headers   'x-served-by': 'cache-lcy1145-LCY',
216 verbose headers   'x-cache': 'HIT',
216 verbose headers   'x-cache-hits': '1',
216 verbose headers   'x-timer': 'S1477296986.476787,VS0,VE0',
216 verbose headers   vary: 'Accept-Encoding' }
217 silly get cb [ 200,
217 silly get   { server: 'CouchDB/1.5.0 (Erlang OTP/R16B03)',
217 silly get     etag: '"5IMI6E785KUTAKT28YA8MSWVI"',
217 silly get     'content-type': 'application/json',
217 silly get     'content-encoding': 'gzip',
217 silly get     'cache-control': 'max-age=300',
217 silly get     'content-length': '56663',
217 silly get     'accept-ranges': 'bytes',
217 silly get     date: 'Mon, 24 Oct 2016 08:16:26 GMT',
217 silly get     via: '1.1 varnish',
217 silly get     age: '77',
217 silly get     connection: 'keep-alive',
217 silly get     'x-served-by': 'cache-lcy1145-LCY',
217 silly get     'x-cache': 'HIT',
217 silly get     'x-cache-hits': '1',
217 silly get     'x-timer': 'S1477296986.476787,VS0,VE0',
217 silly get     vary: 'Accept-Encoding' } ]
218 verbose get saving express to /home/alumno/.npm/registry.npmjs.org/express/.cache.json
219 verbose correctMkdir /home/alumno/.npm correctMkdir not in flight; initializing
220 silly addNameRange number 2 { name: 'express', range: '>=4.13.4 <4.14.0', hasData: true }
221 silly addNameRange versions [ 'express',
221 silly addNameRange   [ '0.14.0',
221 silly addNameRange     '0.14.1',
221 silly addNameRange     '1.0.0',
221 silly addNameRange     '1.0.1',
221 silly addNameRange     '1.0.2',
221 silly addNameRange     '1.0.3',
221 silly addNameRange     '1.0.4',
221 silly addNameRange     '1.0.5',
221 silly addNameRange     '1.0.6',
221 silly addNameRange     '1.0.7',
221 silly addNameRange     '1.0.8',
221 silly addNameRange     '2.0.0',
221 silly addNameRange     '2.1.0',
221 silly addNameRange     '2.1.1',
221 silly addNameRange     '2.2.0',
221 silly addNameRange     '2.2.1',
221 silly addNameRange     '2.2.2',
221 silly addNameRange     '2.3.0',
221 silly addNameRange     '2.3.1',
221 silly addNameRange     '2.3.2',
221 silly addNameRange     '2.3.3',
221 silly addNameRange     '2.3.4',
221 silly addNameRange     '2.3.5',
221 silly addNameRange     '2.3.6',
221 silly addNameRange     '2.3.7',
221 silly addNameRange     '2.3.8',
221 silly addNameRange     '2.3.9',
221 silly addNameRange     '2.3.10',
221 silly addNameRange     '2.3.11',
221 silly addNameRange     '2.3.12',
221 silly addNameRange     '2.4.0',
221 silly addNameRange     '2.4.1',
221 silly addNameRange     '2.4.2',
221 silly addNameRange     '2.4.3',
221 silly addNameRange     '2.4.4',
221 silly addNameRange     '2.4.5',
221 silly addNameRange     '2.4.6',
221 silly addNameRange     '2.4.7',
221 silly addNameRange     '2.5.0',
221 silly addNameRange     '2.5.1',
221 silly addNameRange     '2.5.2',
221 silly addNameRange     '2.5.3',
221 silly addNameRange     '2.5.4',
221 silly addNameRange     '2.5.5',
221 silly addNameRange     '2.5.6',
221 silly addNameRange     '2.5.7',
221 silly addNameRange     '2.5.8',
221 silly addNameRange     '2.5.9',
221 silly addNameRange     '2.5.10',
221 silly addNameRange     '2.5.11',
221 silly addNameRange     '3.0.0',
221 silly addNameRange     '3.0.1',
221 silly addNameRange     '3.0.2',
221 silly addNameRange     '3.0.3',
221 silly addNameRange     '3.0.4',
221 silly addNameRange     '3.0.5',
221 silly addNameRange     '3.0.6',
221 silly addNameRange     '3.1.0',
221 silly addNameRange     '3.1.1',
221 silly addNameRange     '3.1.2',
221 silly addNameRange     '3.2.0',
221 silly addNameRange     '3.2.1',
221 silly addNameRange     '3.2.2',
221 silly addNameRange     '3.2.3',
221 silly addNameRange     '3.2.4',
221 silly addNameRange     '3.2.5',
221 silly addNameRange     '3.2.6',
221 silly addNameRange     '3.3.0',
221 silly addNameRange     '3.3.1',
221 silly addNameRange     '3.3.2',
221 silly addNameRange     '3.3.3',
221 silly addNameRange     '3.3.4',
221 silly addNameRange     '3.3.5',
221 silly addNameRange     '3.3.6',
221 silly addNameRange     '1.0.0-beta',
221 silly addNameRange     '1.0.0-beta2',
221 silly addNameRange     '1.0.0-rc',
221 silly addNameRange     '1.0.0-rc2',
221 silly addNameRange     '1.0.0-rc3',
221 silly addNameRange     '1.0.0-rc4',
221 silly addNameRange     '2.0.0-beta',
221 silly addNameRange     '2.0.0-beta2',
221 silly addNameRange     '2.0.0-beta3',
221 silly addNameRange     '2.0.0-rc',
221 silly addNameRange     '2.0.0-rc2',
221 silly addNameRange     '2.0.0-rc3',
221 silly addNameRange     '3.0.0-alpha1',
221 silly addNameRange     '3.0.0-alpha2',
221 silly addNameRange     '3.0.0-alpha3',
221 silly addNameRange     '3.0.0-alpha4',
221 silly addNameRange     '3.0.0-alpha5',
221 silly addNameRange     '3.0.0-beta1',
221 silly addNameRange     '3.0.0-beta2',
221 silly addNameRange     '3.0.0-beta3',
221 silly addNameRange     '3.0.0-beta4',
221 silly addNameRange     '3.0.0-beta6',
221 silly addNameRange     '3.0.0-beta7',
221 silly addNameRange     '3.0.0-rc1',
221 silly addNameRange     '3.0.0-rc2',
221 silly addNameRange     '3.0.0-rc3',
221 silly addNameRange     '3.0.0-rc4',
221 silly addNameRange     '3.0.0-rc5',
221 silly addNameRange     '3.3.7',
221 silly addNameRange     '3.3.8',
221 silly addNameRange     '3.4.0',
221 silly addNameRange     '3.4.1',
221 silly addNameRange     '3.4.2',
221 silly addNameRange     '3.4.3',
221 silly addNameRange     '3.4.4',
221 silly addNameRange     '3.4.5',
221 silly addNameRange     '3.4.6',
221 silly addNameRange     '3.4.7',
221 silly addNameRange     '3.4.8',
221 silly addNameRange     '4.0.0-rc1',
221 silly addNameRange     '4.0.0-rc2',
221 silly addNameRange     '3.5.0',
221 silly addNameRange     '4.0.0-rc3',
221 silly addNameRange     '4.0.0-rc4',
221 silly addNameRange     '3.5.1',
221 silly addNameRange     '4.0.0',
221 silly addNameRange     '3.5.2',
221 silly addNameRange     '4.1.0',
221 silly addNameRange     '4.1.1',
221 silly addNameRange     '3.5.3',
221 silly addNameRange     '4.1.2',
221 silly addNameRange     '3.6.0',
221 silly addNameRange     '4.2.0',
221 silly addNameRange     '3.7.0',
221 silly addNameRange     '3.8.0',
221 silly addNameRange     '4.3.0',
221 silly addNameRange     '4.3.1',
221 silly addNameRange     '3.8.1',
221 silly addNameRange     '4.3.2',
221 silly addNameRange     '3.9.0',
221 silly addNameRange     '4.4.0',
221 silly addNameRange     '4.4.1',
221 silly addNameRange     '3.10.0',
221 silly addNameRange     '3.10.1',
221 silly addNameRange     '3.10.2',
221 silly addNameRange     '3.10.3',
221 silly addNameRange     '3.10.4',
221 silly addNameRange     '4.4.2',
221 silly addNameRange     '3.10.5',
221 silly addNameRange     '4.4.3',
221 silly addNameRange     '3.11.0',
221 silly addNameRange     '4.4.4',
221 silly addNameRange     '3.12.0',
221 silly addNameRange     '3.12.1',
221 silly addNameRange     '4.4.5',
221 silly addNameRange     '3.13.0',
221 silly addNameRange     '4.5.0',
221 silly addNameRange     '4.5.1',
221 silly addNameRange     '3.14.0',
221 silly addNameRange     '4.6.0',
221 silly addNameRange     '4.6.1',
221 silly addNameRange     '3.15.0',
221 silly addNameRange     '4.7.0',
221 silly addNameRange     '3.15.1',
221 silly addNameRange     '4.7.1',
221 silly addNameRange     '3.15.2',
221 silly addNameRange     '4.7.2',
221 silly addNameRange     '4.7.3',
221 silly addNameRange     '3.15.3',
221 silly addNameRange     '4.7.4',
221 silly addNameRange     '3.16.0',
221 silly addNameRange     '4.8.0',
221 silly addNameRange     '3.16.1',
221 silly addNameRange     '4.8.1',
221 silly addNameRange     '3.16.2',
221 silly addNameRange     '4.8.2',
221 silly addNameRange     '3.16.3',
221 silly addNameRange     '3.16.4',
221 silly addNameRange     '4.8.3',
221 silly addNameRange     '3.16.5',
221 silly addNameRange     '3.16.6',
221 silly addNameRange     '4.8.4',
221 silly addNameRange     '3.16.7',
221 silly addNameRange     '4.8.5',
221 silly addNameRange     '3.16.8',
221 silly addNameRange     '4.8.6',
221 silly addNameRange     '3.16.9',
221 silly addNameRange     '4.8.7',
221 silly addNameRange     '3.16.10',
221 silly addNameRange     '4.8.8',
221 silly addNameRange     '3.17.0',
221 silly addNameRange     '3.17.1',
221 silly addNameRange     '4.9.0',
221 silly addNameRange     '3.17.2',
221 silly addNameRange     '4.9.1',
221 silly addNameRange     '4.9.2',
221 silly addNameRange     '3.17.3',
221 silly addNameRange     '4.9.3',
221 silly addNameRange     '3.17.4',
221 silly addNameRange     '4.9.4',
221 silly addNameRange     '3.17.5',
221 silly addNameRange     '4.9.5',
221 silly addNameRange     '3.17.6',
221 silly addNameRange     '3.17.7',
221 silly addNameRange     '4.9.6',
221 silly addNameRange     '4.9.7',
221 silly addNameRange     '3.17.8',
221 silly addNameRange     '4.9.8',
221 silly addNameRange     '3.18.0',
221 silly addNameRange     '3.18.1',
221 silly addNameRange     '4.10.0',
221 silly addNameRange     '3.18.2',
221 silly addNameRange     '4.10.1',
221 silly addNameRange     '5.0.0-alpha.1',
221 silly addNameRange     '3.18.3',
221 silly addNameRange     '4.10.2',
221 silly addNameRange     '3.18.4',
221 silly addNameRange     '4.10.3',
221 silly addNameRange     '4.10.4',
221 silly addNameRange     '4.10.5',
221 silly addNameRange     '3.18.5',
221 silly addNameRange     '3.18.6',
221 silly addNameRange     '4.10.6',
221 silly addNameRange     '4.10.7',
221 silly addNameRange     '3.19.0',
221 silly addNameRange     '4.10.8',
221 silly addNameRange     '4.11.0',
221 silly addNameRange     '3.19.1',
221 silly addNameRange     '4.11.1',
221 silly addNameRange     '3.19.2',
221 silly addNameRange     '4.11.2',
221 silly addNameRange     '3.20.0',
221 silly addNameRange     '4.12.0',
221 silly addNameRange     '3.20.1',
221 silly addNameRange     '4.12.1',
221 silly addNameRange     '4.12.2',
221 silly addNameRange     '3.20.2',
221 silly addNameRange     '4.12.3',
221 silly addNameRange     '3.20.3',
221 silly addNameRange     '4.12.4',
221 silly addNameRange     '3.21.0',
221 silly addNameRange     '4.13.0',
221 silly addNameRange     '3.21.1',
221 silly addNameRange     '4.13.1',
221 silly addNameRange     '5.0.0-alpha.2',
221 silly addNameRange     '3.21.2',
221 silly addNameRange     '4.13.2',
221 silly addNameRange     '4.13.3',
221 silly addNameRange     '4.13.4',
221 silly addNameRange     '4.14.0' ] ]
222 silly addNamed express@4.13.4
223 verbose addNamed "4.13.4" is a plain semver version for express
224 silly mapToRegistry name express
225 silly mapToRegistry using default registry
226 silly mapToRegistry registry https://registry.npmjs.org/
227 silly mapToRegistry data Result {
227 silly mapToRegistry   raw: 'express',
227 silly mapToRegistry   scope: null,
227 silly mapToRegistry   name: 'express',
227 silly mapToRegistry   rawSpec: '',
227 silly mapToRegistry   spec: 'latest',
227 silly mapToRegistry   type: 'tag' }
228 silly mapToRegistry uri https://registry.npmjs.org/express
229 verbose addRemoteTarball https://registry.npmjs.org/express/-/express-4.13.4.tgz not in flight; adding
230 verbose addRemoteTarball [ 'https://registry.npmjs.org/express/-/express-4.13.4.tgz',
230 verbose addRemoteTarball   '3c0b76f3c77590c8345739061ec0bd3ba067ec24' ]
231 info retry fetch attempt 1 at 22:00:40
232 info attempt registry request try #1 at 22:00:40
233 http fetch GET https://registry.npmjs.org/express/-/express-4.13.4.tgz
234 http fetch 200 https://registry.npmjs.org/express/-/express-4.13.4.tgz
235 silly fetchAndShaCheck shasum 3c0b76f3c77590c8345739061ec0bd3ba067ec24
236 verbose addTmpTarball /tmp/npm-30080-825fd7f8/registry.npmjs.org/express/-/express-4.13.4.tgz not in flight; adding
237 verbose addTmpTarball already have metadata; skipping unpack for express@4.13.4
238 verbose correctMkdir /home/alumno/.npm correctMkdir not in flight; initializing
239 silly cache afterAdd express@4.13.4
240 verbose afterAdd /home/alumno/.npm/express/4.13.4/package/package.json not in flight; writing
241 verbose correctMkdir /home/alumno/.npm correctMkdir not in flight; initializing
242 verbose afterAdd /home/alumno/.npm/express/4.13.4/package/package.json written
243 http 200 https://registry.npmjs.org/body-parser
244 verbose headers { server: 'CouchDB/1.5.0 (Erlang OTP/R16B03)',
244 verbose headers   etag: '"BX7DIL5R9DVM8O5A0PA4FD115"',
244 verbose headers   'content-type': 'application/json',
244 verbose headers   'content-encoding': 'gzip',
244 verbose headers   'cache-control': 'max-age=300',
244 verbose headers   'content-length': '16427',
244 verbose headers   'accept-ranges': 'bytes',
244 verbose headers   date: 'Mon, 24 Oct 2016 08:17:19 GMT',
244 verbose headers   via: '1.1 varnish',
244 verbose headers   age: '288',
244 verbose headers   connection: 'keep-alive',
244 verbose headers   'x-served-by': 'cache-lcy1121-LCY',
244 verbose headers   'x-cache': 'HIT',
244 verbose headers   'x-cache-hits': '8',
244 verbose headers   'x-timer': 'S1477297039.805767,VS0,VE0',
244 verbose headers   vary: 'Accept-Encoding' }
245 silly get cb [ 200,
245 silly get   { server: 'CouchDB/1.5.0 (Erlang OTP/R16B03)',
245 silly get     etag: '"BX7DIL5R9DVM8O5A0PA4FD115"',
245 silly get     'content-type': 'application/json',
245 silly get     'content-encoding': 'gzip',
245 silly get     'cache-control': 'max-age=300',
245 silly get     'content-length': '16427',
245 silly get     'accept-ranges': 'bytes',
245 silly get     date: 'Mon, 24 Oct 2016 08:17:19 GMT',
245 silly get     via: '1.1 varnish',
245 silly get     age: '288',
245 silly get     connection: 'keep-alive',
245 silly get     'x-served-by': 'cache-lcy1121-LCY',
245 silly get     'x-cache': 'HIT',
245 silly get     'x-cache-hits': '8',
245 silly get     'x-timer': 'S1477297039.805767,VS0,VE0',
245 silly get     vary: 'Accept-Encoding' } ]
246 verbose get saving body-parser to /home/alumno/.npm/registry.npmjs.org/body-parser/.cache.json
247 verbose correctMkdir /home/alumno/.npm correctMkdir not in flight; initializing
248 silly addNameRange number 2 { name: 'body-parser', range: '>=1.15.1 <1.16.0', hasData: true }
249 silly addNameRange versions [ 'body-parser',
249 silly addNameRange   [ '1.0.0',
249 silly addNameRange     '1.0.1',
249 silly addNameRange     '1.0.2',
249 silly addNameRange     '1.1.0',
249 silly addNameRange     '1.1.1',
249 silly addNameRange     '1.1.2',
249 silly addNameRange     '1.2.0',
249 silly addNameRange     '1.2.1',
249 silly addNameRange     '1.2.2',
249 silly addNameRange     '1.3.0',
249 silly addNameRange     '1.3.1',
249 silly addNameRange     '1.4.0',
249 silly addNameRange     '1.4.1',
249 silly addNameRange     '1.4.2',
249 silly addNameRange     '1.4.3',
249 silly addNameRange     '1.5.0',
249 silly addNameRange     '1.5.1',
249 silly addNameRange     '1.5.2',
249 silly addNameRange     '1.6.0',
249 silly addNameRange     '1.6.1',
249 silly addNameRange     '1.6.2',
249 silly addNameRange     '1.6.3',
249 silly addNameRange     '1.6.4',
249 silly addNameRange     '1.6.5',
249 silly addNameRange     '1.6.6',
249 silly addNameRange     '1.6.7',
249 silly addNameRange     '1.7.0',
249 silly addNameRange     '1.8.0',
249 silly addNameRange     '1.8.1',
249 silly addNameRange     '1.8.2',
249 silly addNameRange     '1.8.3',
249 silly addNameRange     '1.8.4',
249 silly addNameRange     '1.9.0',
249 silly addNameRange     '1.9.1',
249 silly addNameRange     '1.9.2',
249 silly addNameRange     '1.9.3',
249 silly addNameRange     '1.10.0',
249 silly addNameRange     '1.10.1',
249 silly addNameRange     '1.10.2',
249 silly addNameRange     '1.11.0',
249 silly addNameRange     '1.12.0',
249 silly addNameRange     '1.12.1',
249 silly addNameRange     '1.12.2',
249 silly addNameRange     '1.12.3',
249 silly addNameRange     '1.12.4',
249 silly addNameRange     '1.13.0',
249 silly addNameRange     '1.13.1',
249 silly addNameRange     '1.13.2',
249 silly addNameRange     '1.13.3',
249 silly addNameRange     '1.14.0',
249 silly addNameRange     '1.14.1',
249 silly addNameRange     '1.14.2',
249 silly addNameRange     '1.15.0',
249 silly addNameRange     '1.15.1',
249 silly addNameRange     '1.15.2' ] ]
250 silly addNamed body-parser@1.15.2
251 verbose addNamed "1.15.2" is a plain semver version for body-parser
252 silly cache afterAdd body-parser@1.15.2
253 verbose afterAdd /home/alumno/.npm/body-parser/1.15.2/package/package.json not in flight; writing
254 verbose correctMkdir /home/alumno/.npm correctMkdir not in flight; initializing
255 verbose afterAdd /home/alumno/.npm/body-parser/1.15.2/package/package.json written
256 verbose stack Error: getaddrinfo EAI_AGAIN registry.npmjs.org:443
256 verbose stack     at Object.exports._errnoException (util.js:907:11)
256 verbose stack     at errnoException (dns.js:32:15)
256 verbose stack     at GetAddrInfoReqWrap.onlookup [as oncomplete] (dns.js:78:26)
257 verbose cwd /home/alumno/documentos/express/Quiz-2016/quiz-2016
258 error Linux 4.4.0-38-generic
259 error argv "/usr/bin/nodejs" "/usr/bin/npm" "install"
260 error node v4.6.0
261 error npm  v2.15.9
262 error code EAI_AGAIN
263 error errno EAI_AGAIN
264 error syscall getaddrinfo
265 error getaddrinfo EAI_AGAIN registry.npmjs.org:443
266 error If you need help, you may report this error at:
266 error     <https://github.com/npm/npm/issues>
267 verbose exit [ 1, true ]
